<?xml version="1.0" encoding="UTF-8"?>
<testsuites>
  <testsuite name="Demo_app_end_to_end_example" timestamp="2019-11-07T14:26:38" time="16.102" tests="0" failures="0" errors="0" skipped="0">
    <properties>
      <property name="specId" value="0"/>
      <property name="suiteName" value="Demo app end-to-end example"/>
      <property name="capabilities" value="chrome.78_0_3904_87.windowsnt"/>
      <property name="file" value=".\test\features\ffc-poc.feature"/>
    </properties>
  </testsuite>
  <testsuite name="House_falls_into_gold_mine" timestamp="2019-11-07T14:26:38" time="15.998" tests="9" failures="0" errors="0" skipped="0">
    <properties>
      <property name="specId" value="0"/>
      <property name="suiteName" value="House falls into gold mine"/>
      <property name="capabilities" value="chrome.78_0_3904_87.windowsnt"/>
      <property name="file" value=".\test\features\ffc-poc.feature"/>
    </properties>
    <testcase classname="chrome.78_0_3904_87.windowsnt.House_falls_into_gold_mine" name="Given_I_am_on_the_start_page" time="4.065"/>
    <testcase classname="chrome.78_0_3904_87.windowsnt.House_falls_into_gold_mine" name="When_I_start_a_new_claim" time="3.466"/>
    <testcase classname="chrome.78_0_3904_87.windowsnt.House_falls_into_gold_mine" name="When_I_select_home_as_the_property_type" time="0.087"/>
    <testcase classname="chrome.78_0_3904_87.windowsnt.House_falls_into_gold_mine" name="When_I_save_and_continue" time="0.716"/>
    <testcase classname="chrome.78_0_3904_87.windowsnt.House_falls_into_gold_mine" name="When_I_confirm_the_property_is_still_accessible" time="0.796"/>
    <testcase classname="chrome.78_0_3904_87.windowsnt.House_falls_into_gold_mine" name="When_I_enter_01_01_1970_as_the_subsidence_start_date" time="4.078"/>
    <testcase classname="chrome.78_0_3904_87.windowsnt.House_falls_into_gold_mine" name="When_I_select_gold_mine" time="0.824"/>
    <testcase classname="chrome.78_0_3904_87.windowsnt.House_falls_into_gold_mine" name="When_I_enter_my_email_address" time="1.907"/>
    <testcase classname="chrome.78_0_3904_87.windowsnt.House_falls_into_gold_mine" name="Then_I_am_told_the_service_is_unavailable" time="0.052"/>
  </testsuite>
</testsuites>